<?xml version="1.0" encoding="utf-8"?><testsuites name="pytest tests"><testsuite name="pytest" errors="0" failures="0" skipped="0" tests="25" time="25.368" timestamp="2026-01-06T13:17:31.199749+00:00" hostname="agent-env-d0298083-cb7c-456d-8446-fef40df3676a"><testcase classname="tests.test_cv_generation.TestCVGenerationCleanOutput" name="test_health_check" time="0.059" /><testcase classname="tests.test_cv_generation.TestCVGenerationCleanOutput" name="test_roles_endpoint" time="0.040" /><testcase classname="tests.test_cv_generation.TestCVGenerationCleanOutput" name="test_cv_generation_returns_data" time="25.207" /><testcase classname="tests.test_cv_generation.TestCVGenerationCleanOutput" name="test_cv_generation_has_natural_cv" time="0.000" /><testcase classname="tests.test_cv_generation.TestCVGenerationCleanOutput" name="test_cv_generation_has_ats_cv" time="0.000" /><testcase classname="tests.test_cv_generation.TestCVGenerationCleanOutput" name="test_natural_cv_has_header_with_name" time="0.000" /><testcase classname="tests.test_cv_generation.TestCVGenerationCleanOutput" name="test_natural_cv_has_header_with_contact" time="0.000" /><testcase classname="tests.test_cv_generation.TestCVGenerationCleanOutput" name="test_ats_cv_has_header_with_name" time="0.000" /><testcase classname="tests.test_cv_generation.TestCVGenerationCleanOutput" name="test_ats_cv_has_header_with_contact" time="0.000" /><testcase classname="tests.test_cv_generation.TestCVGenerationCleanOutput" name="test_natural_cv_summary_no_markdown" time="0.000" /><testcase classname="tests.test_cv_generation.TestCVGenerationCleanOutput" name="test_ats_cv_summary_no_markdown" time="0.000" /><testcase classname="tests.test_cv_generation.TestCVGenerationCleanOutput" name="test_natural_cv_experience_bullets_no_markdown" time="0.000" /><testcase classname="tests.test_cv_generation.TestCVGenerationCleanOutput" name="test_ats_cv_experience_bullets_no_markdown" time="0.000" /><testcase classname="tests.test_cv_generation.TestCVGenerationCleanOutput" name="test_natural_cv_skills_no_markdown" time="0.000" /><testcase classname="tests.test_cv_generation.TestCVGenerationCleanOutput" name="test_ats_cv_skills_no_markdown" time="0.000" /><testcase classname="tests.test_cv_generation.TestCVGenerationCleanOutput" name="test_cv_has_ats_score" time="0.000" /><testcase classname="tests.test_cv_generation.TestCVGenerationCleanOutput" name="test_cv_has_keywords_added" time="0.000" /><testcase classname="tests.test_cv_generation.TestCVGenerationCleanOutput" name="test_cv_has_improvement_tips" time="0.000" /><testcase classname="tests.test_cv_generation.TestCVStructure" name="test_natural_cv_has_summary" time="0.000" /><testcase classname="tests.test_cv_generation.TestCVStructure" name="test_natural_cv_has_experience" time="0.000" /><testcase classname="tests.test_cv_generation.TestCVStructure" name="test_natural_cv_has_skills" time="0.000" /><testcase classname="tests.test_cv_generation.TestCVStructure" name="test_ats_cv_has_summary" time="0.000" /><testcase classname="tests.test_cv_generation.TestCVStructure" name="test_ats_cv_has_experience" time="0.000" /><testcase classname="tests.test_cv_generation.TestCVStructure" name="test_ats_cv_has_skills" time="0.000" /><testcase classname="tests.test_cv_generation" name="test_print_cv_sample" time="0.000" /></testsuite></testsuites>