<?xml version="1.0" encoding="utf-8"?><testsuites name="pytest tests"><testsuite name="pytest" errors="0" failures="0" skipped="0" tests="15" time="36.397" timestamp="2026-01-06T14:47:44.209597+00:00" hostname="agent-env-cffdf105-03c5-4bf4-97d9-b03373535d5e"><testcase classname="tests.test_cover_letter_auto_apply.TestSetup" name="test_base_url_configured" time="0.000" /><testcase classname="tests.test_cover_letter_auto_apply.TestSetup" name="test_health_check" time="0.117" /><testcase classname="tests.test_cover_letter_auto_apply.TestAuthentication" name="test_auth_token_obtained" time="0.268" /><testcase classname="tests.test_cover_letter_auto_apply.TestCoverLetterEndpoints" name="test_cover_letter_generate_endpoint_exists" time="0.282" /><testcase classname="tests.test_cover_letter_auto_apply.TestCoverLetterEndpoints" name="test_cover_letter_generate_validation" time="0.015" /><testcase classname="tests.test_cover_letter_auto_apply.TestCoverLetterEndpoints" name="test_cover_letter_generate_success" time="34.725" /><testcase classname="tests.test_cover_letter_auto_apply.TestCoverLetterEndpoints" name="test_cover_letter_history_endpoint" time="0.012" /><testcase classname="tests.test_cover_letter_auto_apply.TestAutoApplyEndpoints" name="test_auto_apply_preferences_save" time="0.346" /><testcase classname="tests.test_cover_letter_auto_apply.TestAutoApplyEndpoints" name="test_auto_apply_preferences_get" time="0.016" /><testcase classname="tests.test_cover_letter_auto_apply.TestAutoApplyEndpoints" name="test_auto_apply_matching_jobs" time="0.013" /><testcase classname="tests.test_cover_letter_auto_apply.TestAutoApplyEndpoints" name="test_auto_apply_apply_to_job" time="0.084" /><testcase classname="tests.test_cover_letter_auto_apply.TestAutoApplyEndpoints" name="test_auto_apply_applications_list" time="0.011" /><testcase classname="tests.test_cover_letter_auto_apply.TestAutoApplyEndpoints" name="test_auto_apply_dashboard" time="0.014" /><testcase classname="tests.test_cover_letter_auto_apply.TestLandingPageFeatures" name="test_roles_endpoint_has_20_roles" time="0.038" /><testcase classname="tests.test_cover_letter_auto_apply.TestNavigationFeatures" name="test_all_feature_endpoints_exist" time="0.283" /></testsuite></testsuites>