<?xml version="1.0" encoding="utf-8"?><testsuites name="pytest tests"><testsuite name="pytest" errors="0" failures="0" skipped="0" tests="17" time="2.872" timestamp="2026-01-06T11:50:45.430184+00:00" hostname="agent-env-052ad249-f9a6-4e9f-bf00-f3c04b9cbd34"><testcase classname="tests.test_iteration_4.TestAuthentication" name="test_login_success" time="0.335" /><testcase classname="tests.test_iteration_4.TestAuthentication" name="test_login_invalid_credentials" time="0.050" /><testcase classname="tests.test_iteration_4.TestRolesAPI" name="test_get_all_roles" time="0.041" /><testcase classname="tests.test_iteration_4.TestRolesAPI" name="test_get_roles_with_location" time="0.050" /><testcase classname="tests.test_iteration_4.TestCoursesAPI" name="test_get_all_courses" time="0.047" /><testcase classname="tests.test_iteration_4.TestCoursesAPI" name="test_course_urls_are_real" time="0.036" /><testcase classname="tests.test_iteration_4.TestUserProfileAPI" name="test_get_user_profile" time="0.303" /><testcase classname="tests.test_iteration_4.TestUserProfileAPI" name="test_profile_requires_auth" time="0.038" /><testcase classname="tests.test_iteration_4.TestAnalyticsDashboardAPI" name="test_get_analytics_dashboard" time="0.312" /><testcase classname="tests.test_iteration_4.TestAnalyticsDashboardAPI" name="test_analytics_requires_auth" time="0.040" /><testcase classname="tests.test_iteration_4.TestUsageAPI" name="test_get_usage" time="0.311" /><testcase classname="tests.test_iteration_4.TestCVHistoryAPI" name="test_get_cv_history" time="0.310" /><testcase classname="tests.test_iteration_4.TestLearningPathHistoryAPI" name="test_get_learning_path_history" time="0.310" /><testcase classname="tests.test_iteration_4.TestPaymentAPIs" name="test_get_subscription" time="0.313" /><testcase classname="tests.test_iteration_4.TestPaymentAPIs" name="test_get_pricing" time="0.037" /><testcase classname="tests.test_iteration_4.TestNavigationEndpoints" name="test_health_endpoint" time="0.041" /><testcase classname="tests.test_iteration_4.TestNavigationEndpoints" name="test_root_endpoint" time="0.076" /></testsuite></testsuites>