<?xml version="1.0" encoding="utf-8"?><testsuites name="pytest tests"><testsuite name="pytest" errors="0" failures="0" skipped="0" tests="25" time="5.289" timestamp="2026-01-07T07:40:45.297862+00:00" hostname="agent-env-5df16bc4-d574-45d4-9679-1e4e35f62460"><testcase classname="tests.test_interactive_learning_path.TestConfig" name="test_base_url_configured" time="0.000" /><testcase classname="tests.test_interactive_learning_path.TestConfig" name="test_health_check" time="0.059" /><testcase classname="tests.test_interactive_learning_path.TestAuthentication" name="test_login_success" time="0.267" /><testcase classname="tests.test_interactive_learning_path.TestCourseProgressEndpoints" name="test_course_progress_endpoint_requires_auth" time="0.080" /><testcase classname="tests.test_interactive_learning_path.TestCourseProgressEndpoints" name="test_course_progress_get_requires_auth" time="0.041" /><testcase classname="tests.test_interactive_learning_path.TestCourseProgressEndpoints" name="test_course_progress_invalid_path" time="0.298" /><testcase classname="tests.test_interactive_learning_path.TestCourseProgressEndpoints" name="test_get_course_progress_invalid_path" time="0.292" /><testcase classname="tests.test_interactive_learning_path.TestCourseProgressEndpoints" name="test_update_course_progress_success" time="0.365" /><testcase classname="tests.test_interactive_learning_path.TestCourseProgressEndpoints" name="test_get_course_progress_success" time="0.332" /><testcase classname="tests.test_interactive_learning_path.TestCourseProgressEndpoints" name="test_toggle_course_incomplete" time="0.332" /><testcase classname="tests.test_interactive_learning_path.TestSavedCoursesEndpoints" name="test_saved_courses_requires_auth" time="0.137" /><testcase classname="tests.test_interactive_learning_path.TestSavedCoursesEndpoints" name="test_save_course_success" time="0.304" /><testcase classname="tests.test_interactive_learning_path.TestSavedCoursesEndpoints" name="test_save_duplicate_course_fails" time="0.334" /><testcase classname="tests.test_interactive_learning_path.TestSavedCoursesEndpoints" name="test_get_saved_courses" time="0.296" /><testcase classname="tests.test_interactive_learning_path.TestSavedCoursesEndpoints" name="test_delete_saved_course" time="0.373" /><testcase classname="tests.test_interactive_learning_path.TestSavedCoursesEndpoints" name="test_delete_nonexistent_course" time="0.299" /><testcase classname="tests.test_interactive_learning_path.TestSavedCoursesEndpoints" name="test_mark_saved_course_complete" time="0.371" /><testcase classname="tests.test_interactive_learning_path.TestAllProgressEndpoint" name="test_all_progress_requires_auth" time="0.070" /><testcase classname="tests.test_interactive_learning_path.TestAllProgressEndpoint" name="test_get_all_progress" time="0.334" /><testcase classname="tests.test_interactive_learning_path.TestModuleStructure" name="test_config_module_exists" time="0.004" /><testcase classname="tests.test_interactive_learning_path.TestModuleStructure" name="test_database_module_exists" time="0.077" /><testcase classname="tests.test_interactive_learning_path.TestModuleStructure" name="test_auth_module_exists" time="0.162" /><testcase classname="tests.test_interactive_learning_path.TestModuleStructure" name="test_models_directory_exists" time="0.000" /><testcase classname="tests.test_interactive_learning_path.TestModuleStructure" name="test_services_directory_exists" time="0.000" /><testcase classname="tests.test_interactive_learning_path.TestCleanup" name="test_cleanup_test_courses" time="0.403" /></testsuite></testsuites>