<?xml version="1.0" encoding="utf-8"?><testsuites name="pytest tests"><testsuite name="pytest" errors="0" failures="0" skipped="0" tests="25" time="24.930" timestamp="2026-01-07T11:36:40.105760+00:00" hostname="agent-env-5df16bc4-d574-45d4-9679-1e4e35f62460"><testcase classname="tests.test_interview_prep_weekly_digest.TestInterviewPrepFeatures" name="test_base_url_configured" time="0.000" /><testcase classname="tests.test_interview_prep_weekly_digest.TestInterviewPrepFeatures" name="test_health_check" time="0.053" /><testcase classname="tests.test_interview_prep_weekly_digest.TestInterviewPrepFeatures" name="test_login_success" time="0.296" /><testcase classname="tests.test_interview_prep_weekly_digest.TestInterviewPrepFeatures" name="test_generate_questions_requires_auth" time="0.049" /><testcase classname="tests.test_interview_prep_weekly_digest.TestInterviewPrepFeatures" name="test_generate_questions_ml_engineer" time="0.304" /><testcase classname="tests.test_interview_prep_weekly_digest.TestInterviewPrepFeatures" name="test_generate_questions_ai_engineer" time="0.035" /><testcase classname="tests.test_interview_prep_weekly_digest.TestInterviewPrepFeatures" name="test_generate_questions_data_scientist" time="0.038" /><testcase classname="tests.test_interview_prep_weekly_digest.TestInterviewPrepFeatures" name="test_generate_questions_unknown_role_uses_defaults" time="0.037" /><testcase classname="tests.test_interview_prep_weekly_digest.TestInterviewPrepFeatures" name="test_feedback_requires_auth" time="0.032" /><testcase classname="tests.test_interview_prep_weekly_digest.TestInterviewPrepFeatures" name="test_get_feedback_on_answer" time="9.446" /><testcase classname="tests.test_interview_prep_weekly_digest.TestInterviewPrepFeatures" name="test_feedback_short_answer" time="9.526" /><testcase classname="tests.test_interview_prep_weekly_digest.TestInterviewPrepFeatures" name="test_history_requires_auth" time="0.054" /><testcase classname="tests.test_interview_prep_weekly_digest.TestInterviewPrepFeatures" name="test_get_practice_history" time="0.034" /><testcase classname="tests.test_interview_prep_weekly_digest.TestWeeklyDigestFeatures" name="test_notification_prefs_requires_auth" time="0.034" /><testcase classname="tests.test_interview_prep_weekly_digest.TestWeeklyDigestFeatures" name="test_save_notification_preferences" time="0.321" /><testcase classname="tests.test_interview_prep_weekly_digest.TestWeeklyDigestFeatures" name="test_get_notification_preferences" time="0.038" /><testcase classname="tests.test_interview_prep_weekly_digest.TestWeeklyDigestFeatures" name="test_toggle_weekly_digest_off" time="0.070" /><testcase classname="tests.test_interview_prep_weekly_digest.TestWeeklyDigestFeatures" name="test_toggle_weekly_digest_on" time="0.072" /><testcase classname="tests.test_interview_prep_weekly_digest.TestWeeklyDigestFeatures" name="test_send_weekly_digest_requires_auth" time="0.073" /><testcase classname="tests.test_interview_prep_weekly_digest.TestWeeklyDigestFeatures" name="test_send_weekly_digest" time="0.906" /><testcase classname="tests.test_interview_prep_weekly_digest.TestWeeklyDigestFeatures" name="test_send_weekly_digest_when_disabled" time="0.101" /><testcase classname="tests.test_interview_prep_weekly_digest.TestSmartJobsPageRename" name="test_auto_apply_dashboard_still_works" time="2.552" /><testcase classname="tests.test_interview_prep_weekly_digest.TestSmartJobsPageRename" name="test_auto_apply_search_works" time="0.693" /><testcase classname="tests.test_interview_prep_weekly_digest.TestSmartJobsPageRename" name="test_auto_apply_preferences_works" time="0.038" /><testcase classname="tests.test_interview_prep_weekly_digest.TestNavigationUpdates" name="test_roles_endpoint_for_interview_prep" time="0.037" /></testsuite></testsuites>