<?xml version="1.0" encoding="utf-8"?><testsuites name="pytest tests"><testsuite name="pytest" errors="0" failures="0" skipped="0" tests="14" time="2.585" timestamp="2026-01-06T07:01:33.881644+00:00" hostname="agent-env-052ad249-f9a6-4e9f-bf00-f3c04b9cbd34"><testcase classname="tests.test_backend_api.TestHealthAndRoles" name="test_roles_endpoint_returns_20_roles" time="0.063" /><testcase classname="tests.test_backend_api.TestHealthAndRoles" name="test_roles_with_location_parameter" time="0.039" /><testcase classname="tests.test_backend_api.TestAuthentication" name="test_login_success" time="0.269" /><testcase classname="tests.test_backend_api.TestAuthentication" name="test_login_invalid_credentials" time="0.042" /><testcase classname="tests.test_backend_api.TestAuthentication" name="test_register_duplicate_email" time="0.040" /><testcase classname="tests.test_backend_api.TestUsageEndpoint" name="test_usage_endpoint_returns_all_fields" time="0.346" /><testcase classname="tests.test_backend_api.TestUsageEndpoint" name="test_usage_without_auth_fails" time="0.036" /><testcase classname="tests.test_backend_api.TestCVHistory" name="test_cv_history_endpoint" time="0.320" /><testcase classname="tests.test_backend_api.TestCVHistory" name="test_cv_history_without_auth_fails" time="0.035" /><testcase classname="tests.test_backend_api.TestLearningPathHistory" name="test_learning_path_history_endpoint" time="0.303" /><testcase classname="tests.test_backend_api.TestLearningPathHistory" name="test_learning_path_history_without_auth_fails" time="0.037" /><testcase classname="tests.test_backend_api.TestPaymentEndpoints" name="test_subscription_endpoint" time="0.386" /><testcase classname="tests.test_backend_api.TestPaymentEndpoints" name="test_mock_upgrade_endpoint" time="0.300" /><testcase classname="tests.test_backend_api.TestPaymentEndpoints" name="test_mock_purchase_endpoint" time="0.300" /></testsuite></testsuites>