<?xml version="1.0" encoding="utf-8"?><testsuites name="pytest tests"><testsuite name="pytest" errors="0" failures="0" skipped="0" tests="7" time="37.975" timestamp="2026-01-06T12:48:46.016777+00:00" hostname="agent-env-d0298083-cb7c-456d-8446-fef40df3676a"><testcase classname="tests.test_pdf_ocr.TestPDFOCRParsing" name="test_pdf_file_exists" time="0.000" /><testcase classname="tests.test_pdf_ocr.TestPDFOCRParsing" name="test_resume_parse_endpoint_with_image_pdf" time="9.588" /><testcase classname="tests.test_pdf_ocr.TestPDFOCRParsing" name="test_resume_parse_returns_all_fields" time="11.891" /><testcase classname="tests.test_pdf_ocr.TestPDFOCRParsing" name="test_resume_parse_text_input" time="0.062" /><testcase classname="tests.test_pdf_ocr.TestPDFOCRParsing" name="test_resume_parse_no_input_returns_400" time="0.044" /><testcase classname="tests.test_pdf_ocr.TestPDFOCRParsing" name="test_ocr_extracts_meaningful_content" time="16.149" /><testcase classname="tests.test_pdf_ocr.TestOCRAvailability" name="test_health_endpoint" time="0.085" /></testsuite></testsuites>